#
# There is insufficient memory for the Java Runtime Environment to continue.
# Native memory allocation (malloc) failed to allocate 131088 bytes for Chunk::new
# Possible reasons:
#   The system is out of physical RAM or swap space
#   The process is running with CompressedOops enabled, and the Java Heap may be blocking the growth of the native heap
# Possible solutions:
#   Reduce memory load on the system
#   Increase physical memory or swap space
#   Check if swap backing store is full
#   Decrease Java heap size (-Xmx/-Xms)
#   Decrease number of Java threads
#   Decrease Java thread stack sizes (-Xss)
#   Set larger code cache with -XX:ReservedCodeCacheSize=
#   JVM is running with Unscaled Compressed Oops mode in which the Java heap is
#     placed in the first 4GB address space. The Java Heap base address is the
#     maximum limit for the native heap growth. Please use -XX:HeapBaseMinAddress
#     to set the Java Heap base and to place the Java Heap above 4GB virtual address.
# This output file may be truncated or incomplete.
#
#  Out of Memory Error (allocation.cpp:389), pid=13308, tid=0x0000000000002ef4
#
# JRE version: OpenJDK Runtime Environment (8.0_242-b01) (build 1.8.0_242-release-1644-b01)
# Java VM: OpenJDK 64-Bit Server VM (25.242-b01 mixed mode windows-amd64 compressed oops)
# Failed to write core dump. Minidumps are not enabled by default on client versions of Windows
#

---------------  T H R E A D  ---------------

Current thread (0x000000001741d800):  JavaThread "C2 CompilerThread2" daemon [_thread_in_native, id=12020, stack(0x0000000019e10000,0x0000000019f10000)]

Stack: [0x0000000019e10000,0x0000000019f10000]
[error occurred during error reporting (printing stack bounds), id 0xc0000005]

Native frames: (J=compiled Java code, j=interpreted, Vv=VM code, C=native code)


Current CompileTask:
C2:   5189 1587   !   4       java.net.URLClassLoader$1::run (63 bytes)


---------------  P R O C E S S  ---------------

Java Threads: ( => current thread )
  0x000000001af0b800 JavaThread "Cache worker for file hash cache (C:\Users\HP\.gradle\caches\6.5\fileHashes)" [_thread_blocked, id=4048, stack(0x000000001e330000,0x000000001e430000)]
  0x000000001af0b000 JavaThread "File lock request listener" [_thread_in_native, id=3664, stack(0x000000001e230000,0x000000001e330000)]
  0x000000001af0e000 JavaThread "Cache worker for journal cache (C:\Users\HP\.gradle\caches\journal-1)" [_thread_blocked, id=6448, stack(0x000000001e130000,0x000000001e230000)]
  0x000000001af0d000 JavaThread "Thread-9" [_thread_blocked, id=9232, stack(0x000000001de30000,0x000000001df30000)]
  0x000000001af0c800 JavaThread "Stdin handler" [_thread_blocked, id=13864, stack(0x000000001dd30000,0x000000001de30000)]
  0x000000001af0f800 JavaThread "Asynchronous log dispatcher for DefaultDaemonConnection: socket connection from /127.0.0.1:57844 to /127.0.0.1:57845" [_thread_blocked, id=324, stack(0x000000001dc30000,0x000000001dd30000)]
  0x000000001bdb9000 JavaThread "Daemon worker" [_thread_in_vm, id=7744, stack(0x000000001db30000,0x000000001dc30000)]
  0x000000001bd1b000 JavaThread "Cancel handler" [_thread_blocked, id=9888, stack(0x000000001d930000,0x000000001da30000)]
  0x000000001bc79000 JavaThread "Handler for socket connection from /127.0.0.1:57844 to /127.0.0.1:57845" [_thread_in_native, id=576, stack(0x000000001d830000,0x000000001d930000)]
  0x000000001bc78800 JavaThread "Daemon" [_thread_blocked, id=9248, stack(0x000000001d730000,0x000000001d830000)]
  0x000000001bc3e800 JavaThread "Daemon periodic checks" [_thread_blocked, id=13408, stack(0x000000001d430000,0x000000001d530000)]
  0x000000001bc33800 JavaThread "Incoming local TCP Connector on port 57844" [_thread_in_native, id=5680, stack(0x000000001d1f0000,0x000000001d2f0000)]
  0x000000001a253000 JavaThread "Daemon health stats" [_thread_blocked, id=18680, stack(0x000000001cbb0000,0x000000001ccb0000)]
  0x00000000192cc000 JavaThread "Service Thread" daemon [_thread_blocked, id=12820, stack(0x000000001a010000,0x000000001a110000)]
  0x0000000019290800 JavaThread "C1 CompilerThread3" daemon [_thread_blocked, id=17428, stack(0x0000000019f10000,0x000000001a010000)]
=>0x000000001741d800 JavaThread "C2 CompilerThread2" daemon [_thread_in_native, id=12020, stack(0x0000000019e10000,0x0000000019f10000)]
  0x000000001741c000 JavaThread "C2 CompilerThread1" daemon [_thread_blocked, id=1332, stack(0x0000000019d10000,0x0000000019e10000)]
  0x0000000019244800 JavaThread "C2 CompilerThread0" daemon [_thread_in_native, id=6160, stack(0x0000000019c10000,0x0000000019d10000)]
  0x0000000019243800 JavaThread "Attach Listener" daemon [_thread_blocked, id=17764, stack(0x0000000019b10000,0x0000000019c10000)]
  0x0000000019242800 JavaThread "Signal Dispatcher" daemon [_thread_blocked, id=16688, stack(0x0000000019a10000,0x0000000019b10000)]
  0x000000000239c800 JavaThread "Finalizer" daemon [_thread_blocked, id=16104, stack(0x0000000019710000,0x0000000019810000)]
  0x0000000019230800 JavaThread "Reference Handler" daemon [_thread_blocked, id=14676, stack(0x0000000019610000,0x0000000019710000)]
  0x00000000022a2800 JavaThread "main" [_thread_blocked, id=13928, stack(0x00000000020a0000,0x00000000021a0000)]

Other Threads:
  0x0000000017408000 VMThread [stack: 0x0000000019110000,0x0000000019210000] [id=6752]
  0x00000000192cc800 WatcherThread [stack: 0x000000001a110000,0x000000001a210000] [id=3040]

VM state:not at safepoint (normal execution)

VM Mutex/Monitor currently owned by a thread: None

heap address: 0x0000000080000000, size: 2048 MB, Compressed Oops mode: 32-bit
Narrow klass base: 0x0000000000000000, Narrow klass shift: 3
Compressed class space size: 1073741824 Address: 0x0000000100000000

Heap:
 PSYoungGen      total 38400K, used 26437K [0x00000000d5580000, 0x00000000da080000, 0x0000000100000000)
  eden space 33280K, 65% used [0x00000000d5580000,0x00000000d6abccb0,0x00000000d7600000)
  from space 5120K, 99% used [0x00000000d7b00000,0x00000000d7ff81f8,0x00000000d8000000)
  to   space 5120K, 0% used [0x00000000d7600000,0x00000000d7600000,0x00000000d7b00000)
 ParOldGen       total 87552K, used 3899K [0x0000000080000000, 0x0000000085580000, 0x00000000d5580000)
  object space 87552K, 4% used [0x0000000080000000,0x00000000803cee90,0x0000000085580000)
 Metaspace       used 16875K, capacity 17506K, committed 17664K, reserved 1064960K
  class space    used 2272K, capacity 2477K, committed 2560K, reserved 1048576K

Card table byte_map: [0x0000000011760000,0x0000000011b70000] byte_map_base: 0x0000000011360000

Marking Bits: (ParMarkBitMap*) 0x000000005a77f030
 Begin Bits: [0x0000000012620000, 0x0000000014620000)
 End Bits:   [0x0000000014620000, 0x0000000016620000)

Polling page: 0x0000000001f80000

CodeCache: size=245760Kb used=5642Kb max_used=5642Kb free=240117Kb
 bounds [0x00000000023a0000, 0x0000000002930000, 0x00000000113a0000]
 total_blobs=2001 nmethods=1601 adapters=313
 compilation: enabled

Compilation events (10 events):
Event: 5.172 Thread 0x000000001741c000 nmethod 1599 0x0000000002922410 code [0x0000000002922560, 0x0000000002922678]
Event: 5.172 Thread 0x0000000019290800 nmethod 1600 0x0000000002921050 code [0x0000000002921260, 0x0000000002921e38]
Event: 5.172 Thread 0x0000000019290800 1601       3       java.util.LinkedList::isPositionIndex (18 bytes)
Event: 5.172 Thread 0x0000000019290800 nmethod 1601 0x0000000002920c90 code [0x0000000002920de0, 0x0000000002920fd0]
Event: 5.172 Thread 0x0000000019290800 1602       3       sun.reflect.generics.parser.SignatureParser::parseClassTypeSignature (118 bytes)
Event: 5.174 Thread 0x0000000019290800 nmethod 1602 0x00000000029227d0 code [0x0000000002922b80, 0x0000000002924648]
Event: 5.177 Thread 0x0000000019290800 1603       3       java.lang.Class::privateGetDeclaredConstructors (85 bytes)
Event: 5.178 Thread 0x0000000019290800 nmethod 1603 0x0000000002920110 code [0x00000000029202e0, 0x00000000029209d8]
Event: 5.179 Thread 0x0000000019290800 1604       3       java.util.concurrent.locks.AbstractQueuedSynchronizer::setState (6 bytes)
Event: 5.179 Thread 0x0000000019290800 nmethod 1604 0x000000000291fe10 code [0x000000000291ff60, 0x00000000029200b0]

GC Heap History (8 events):
Event: 1.242 GC heap before
{Heap before GC invocations=1 (full 0):
 PSYoungGen      total 38400K, used 33280K [0x00000000d5580000, 0x00000000d8000000, 0x0000000100000000)
  eden space 33280K, 100% used [0x00000000d5580000,0x00000000d7600000,0x00000000d7600000)
  from space 5120K, 0% used [0x00000000d7b00000,0x00000000d7b00000,0x00000000d8000000)
  to   space 5120K, 0% used [0x00000000d7600000,0x00000000d7600000,0x00000000d7b00000)
 ParOldGen       total 87552K, used 0K [0x0000000080000000, 0x0000000085580000, 0x00000000d5580000)
  object space 87552K, 0% used [0x0000000080000000,0x0000000080000000,0x0000000085580000)
 Metaspace       used 7528K, capacity 7774K, committed 8064K, reserved 1056768K
  class space    used 929K, capacity 1037K, committed 1152K, reserved 1048576K
Event: 1.248 GC heap after
Heap after GC invocations=1 (full 0):
 PSYoungGen      total 38400K, used 4489K [0x00000000d5580000, 0x00000000d8000000, 0x0000000100000000)
  eden space 33280K, 0% used [0x00000000d5580000,0x00000000d5580000,0x00000000d7600000)
  from space 5120K, 87% used [0x00000000d7600000,0x00000000d7a626d8,0x00000000d7b00000)
  to   space 5120K, 0% used [0x00000000d7b00000,0x00000000d7b00000,0x00000000d8000000)
 ParOldGen       total 87552K, used 16K [0x0000000080000000, 0x0000000085580000, 0x00000000d5580000)
  object space 87552K, 0% used [0x0000000080000000,0x0000000080004000,0x0000000085580000)
 Metaspace       used 7528K, capacity 7774K, committed 8064K, reserved 1056768K
  class space    used 929K, capacity 1037K, committed 1152K, reserved 1048576K
}
Event: 1.525 GC heap before
{Heap before GC invocations=2 (full 0):
 PSYoungGen      total 38400K, used 37769K [0x00000000d5580000, 0x00000000d8000000, 0x0000000100000000)
  eden space 33280K, 100% used [0x00000000d5580000,0x00000000d7600000,0x00000000d7600000)
  from space 5120K, 87% used [0x00000000d7600000,0x00000000d7a626d8,0x00000000d7b00000)
  to   space 5120K, 0% used [0x00000000d7b00000,0x00000000d7b00000,0x00000000d8000000)
 ParOldGen       total 87552K, used 16K [0x0000000080000000, 0x0000000085580000, 0x00000000d5580000)
  object space 87552K, 0% used [0x0000000080000000,0x0000000080004000,0x0000000085580000)
 Metaspace       used 7781K, capacity 8086K, committed 8320K, reserved 1056768K
  class space    used 958K, capacity 1077K, committed 1152K, reserved 1048576K
Event: 1.529 GC heap after
Heap after GC invocations=2 (full 0):
 PSYoungGen      total 38400K, used 3469K [0x00000000d5580000, 0x00000000d8000000, 0x0000000100000000)
  eden space 33280K, 0% used [0x00000000d5580000,0x00000000d5580000,0x00000000d7600000)
  from space 5120K, 67% used [0x00000000d7b00000,0x00000000d7e637e0,0x00000000d8000000)
  to   space 5120K, 0% used [0x00000000d7600000,0x00000000d7600000,0x00000000d7b00000)
 ParOldGen       total 87552K, used 24K [0x0000000080000000, 0x0000000085580000, 0x00000000d5580000)
  object space 87552K, 0% used [0x0000000080000000,0x0000000080006000,0x0000000085580000)
 Metaspace       used 7781K, capacity 8086K, committed 8320K, reserved 1056768K
  class space    used 958K, capacity 1077K, committed 1152K, reserved 1048576K
}
Event: 4.733 GC heap before
{Heap before GC invocations=3 (full 0):
 PSYoungGen      total 38400K, used 36749K [0x00000000d5580000, 0x00000000d8000000, 0x0000000100000000)
  eden space 33280K, 100% used [0x00000000d5580000,0x00000000d7600000,0x00000000d7600000)
  from space 5120K, 67% used [0x00000000d7b00000,0x00000000d7e637e0,0x00000000d8000000)
  to   space 5120K, 0% used [0x00000000d7600000,0x00000000d7600000,0x00000000d7b00000)
 ParOldGen       total 87552K, used 24K [0x0000000080000000, 0x0000000085580000, 0x00000000d5580000)
  object space 87552K, 0% used [0x0000000080000000,0x0000000080006000,0x0000000085580000)
 Metaspace       used 12178K, capacity 12516K, committed 12800K, reserved 1060864K
  class space    used 1618K, capacity 1738K, committed 1792K, reserved 1048576K
Event: 4.739 GC heap after
Heap after GC invocations=3 (full 0):
 PSYoungGen      total 38400K, used 5088K [0x00000000d5580000, 0x00000000d8000000, 0x0000000100000000)
  eden space 33280K, 0% used [0x00000000d5580000,0x00000000d5580000,0x00000000d7600000)
  from space 5120K, 99% used [0x00000000d7600000,0x00000000d7af8020,0x00000000d7b00000)
  to   space 5120K, 0% used [0x00000000d7b00000,0x00000000d7b00000,0x00000000d8000000)
 ParOldGen       total 87552K, used 1255K [0x0000000080000000, 0x0000000085580000, 0x00000000d5580000)
  object space 87552K, 1% used [0x0000000080000000,0x0000000080139d60,0x0000000085580000)
 Metaspace       used 12178K, capacity 12516K, committed 12800K, reserved 1060864K
  class space    used 1618K, capacity 1738K, committed 1792K, reserved 1048576K
}
Event: 5.000 GC heap before
{Heap before GC invocations=4 (full 0):
 PSYoungGen      total 38400K, used 38346K [0x00000000d5580000, 0x00000000d8000000, 0x0000000100000000)
  eden space 33280K, 99% used [0x00000000d5580000,0x00000000d75faa98,0x00000000d7600000)
  from space 5120K, 99% used [0x00000000d7600000,0x00000000d7af8020,0x00000000d7b00000)
  to   space 5120K, 0% used [0x00000000d7b00000,0x00000000d7b00000,0x00000000d8000000)
 ParOldGen       total 87552K, used 1255K [0x0000000080000000, 0x0000000085580000, 0x00000000d5580000)
  object space 87552K, 1% used [0x0000000080000000,0x0000000080139d60,0x0000000085580000)
 Metaspace       used 15175K, capacity 15742K, committed 16000K, reserved 1062912K
  class space    used 2005K, capacity 2165K, committed 2176K, reserved 1048576K
Event: 5.007 GC heap after
Heap after GC invocations=4 (full 0):
 PSYoungGen      total 38400K, used 5088K [0x00000000d5580000, 0x00000000da080000, 0x0000000100000000)
  eden space 33280K, 0% used [0x00000000d5580000,0x00000000d5580000,0x00000000d7600000)
  from space 5120K, 99% used [0x00000000d7b00000,0x00000000d7ff81f8,0x00000000d8000000)
  to   space 5120K, 0% used [0x00000000d7600000,0x00000000d7600000,0x00000000d7b00000)
 ParOldGen       total 87552K, used 3899K [0x0000000080000000, 0x0000000085580000, 0x00000000d5580000)
  object space 87552K, 4% used [0x0000000080000000,0x00000000803cee90,0x0000000085580000)
 Metaspace       used 15175K, capacity 15742K, committed 16000K, reserved 1062912K
  class space    used 2005K, capacity 2165K, committed 2176K, reserved 1048576K
}

Deoptimization events (10 events):
Event: 4.703 Thread 0x000000001bc79000 Uncommon trap: reason=unstable_if action=reinterpret pc=0x00000000026c7f5c method=java.lang.String.substring(I)Ljava/lang/String; @ 35
Event: 4.752 Thread 0x000000001bdb9000 Uncommon trap: reason=bimorphic action=maybe_recompile pc=0x000000000265d978 method=java.util.HashMap.putVal(ILjava/lang/Object;Ljava/lang/Object;ZZ)Ljava/lang/Object; @ 253
Event: 4.752 Thread 0x000000001bdb9000 Uncommon trap: reason=bimorphic action=maybe_recompile pc=0x000000000265d978 method=java.util.HashMap.putVal(ILjava/lang/Object;Ljava/lang/Object;ZZ)Ljava/lang/Object; @ 253
Event: 4.752 Thread 0x000000001bdb9000 Uncommon trap: reason=bimorphic action=maybe_recompile pc=0x000000000265d978 method=java.util.HashMap.putVal(ILjava/lang/Object;Ljava/lang/Object;ZZ)Ljava/lang/Object; @ 253
Event: 4.752 Thread 0x000000001bdb9000 Uncommon trap: reason=bimorphic action=maybe_recompile pc=0x000000000265d978 method=java.util.HashMap.putVal(ILjava/lang/Object;Ljava/lang/Object;ZZ)Ljava/lang/Object; @ 253
Event: 4.929 Thread 0x000000001bdb9000 Uncommon trap: reason=class_check action=maybe_recompile pc=0x00000000026d0958 method=java.util.regex.Matcher.match(II)Z @ 86
Event: 4.929 Thread 0x000000001bdb9000 Uncommon trap: reason=class_check action=maybe_recompile pc=0x00000000026d0958 method=java.util.regex.Matcher.match(II)Z @ 86
Event: 4.930 Thread 0x000000001bdb9000 Uncommon trap: reason=class_check action=maybe_recompile pc=0x00000000026d0958 method=java.util.regex.Matcher.match(II)Z @ 86
Event: 4.930 Thread 0x000000001bdb9000 Uncommon trap: reason=class_check action=maybe_recompile pc=0x000000000256740c method=java.util.regex.Matcher.match(II)Z @ 86
Event: 5.034 Thread 0x000000001bdb9000 Uncommon trap: reason=unstable_if action=reinterpret pc=0x00000000026d50cc method=java.io.File.getName()Ljava/lang/String; @ 16

Classes redefined (0 events):
No events

Internal exceptions (10 events):
Event: 4.696 Thread 0x000000001bc79000 Exception <a 'java/lang/NoSuchMethodError': <clinit>> (0x00000000d749cb08) thrown at [C:\src\AOSP-openjdk-git\hotspot\src\share\vm\prims\jni.cpp, line 1615]
Event: 4.697 Thread 0x000000001bc79000 Exception <a 'java/lang/NoSuchMethodError': <clinit>> (0x00000000d74a56a8) thrown at [C:\src\AOSP-openjdk-git\hotspot\src\share\vm\prims\jni.cpp, line 1615]
Event: 4.699 Thread 0x000000001bc79000 Exception <a 'java/lang/NoSuchMethodError': <clinit>> (0x00000000d74bba20) thrown at [C:\src\AOSP-openjdk-git\hotspot\src\share\vm\prims\jni.cpp, line 1615]
Event: 4.710 Thread 0x000000001bc79000 Exception <a 'java/lang/NoSuchMethodError': <clinit>> (0x00000000d7537298) thrown at [C:\src\AOSP-openjdk-git\hotspot\src\share\vm\prims\jni.cpp, line 1615]
Event: 4.715 Thread 0x000000001bc79000 Exception <a 'java/lang/NoSuchMethodError': <clinit>> (0x00000000d75668c8) thrown at [C:\src\AOSP-openjdk-git\hotspot\src\share\vm\prims\jni.cpp, line 1615]
Event: 4.720 Thread 0x000000001bc79000 Exception <a 'java/lang/NoSuchMethodError': <clinit>> (0x00000000d7594e00) thrown at [C:\src\AOSP-openjdk-git\hotspot\src\share\vm\prims\jni.cpp, line 1615]
Event: 4.721 Thread 0x000000001bc79000 Exception <a 'java/lang/NoSuchMethodError': <clinit>> (0x00000000d75a1278) thrown at [C:\src\AOSP-openjdk-git\hotspot\src\share\vm\prims\jni.cpp, line 1615]
Event: 5.069 Thread 0x000000001bdb9000 Exception <a 'java/lang/NoSuchMethodError': java.lang.Object.lambda$and$0(Ljava/util/function/Predicate;Ljava/lang/Object;)Z> (0x00000000d58de710) thrown at [C:\src\AOSP-openjdk-git\hotspot\src\share\vm\interpreter\linkResolver.cpp, line 620]
Event: 5.073 Thread 0x000000001bdb9000 Exception <a 'java/lang/IncompatibleClassChangeError': Found class java.lang.Object, but interface was expected> (0x00000000d58eea08) thrown at [C:\src\AOSP-openjdk-git\hotspot\src\share\vm\interpreter\linkResolver.cpp, line 653]
Event: 5.075 Thread 0x000000001bdb9000 Exception <a 'java/lang/NoSuchMethodError': java.lang.Object.lambda$or$2(Ljava/util/function/Predicate;Ljava/lang/Object;)Z> (0x00000000d58f3558) thrown at [C:\src\AOSP-openjdk-git\hotspot\src\share\vm\interpreter\linkResolver.cpp, line 620]

Events (10 events):
Event: 5.185 loading class org/gradle/caching/http/internal/HttpBuildCacheRequestCustomizer
Event: 5.185 loading class org/gradle/caching/http/internal/HttpBuildCacheRequestCustomizer done
Event: 5.186 loading class org/gradle/plugins/ide/internal/tooling/ToolingModelServices$BuildScopeToolingServices
Event: 5.186 loading class org/gradle/plugins/ide/internal/tooling/ToolingModelServices$BuildScopeToolingServices done
Event: 5.186 loading class org/gradle/plugins/ide/internal/configurer/UniqueProjectNameProvider
Event: 5.186 loading class org/gradle/plugins/ide/internal/configurer/UniqueProjectNameProvider done
Event: 5.187 loading class org/gradle/ide/xcode/internal/services/XcodeServices$GlobalIdGeneratorServices
Event: 5.187 loading class org/gradle/ide/xcode/internal/services/XcodeServices$GlobalIdGeneratorServices done
Event: 5.187 loading class org/gradle/ide/xcode/internal/xcodeproj/GidGenerator
Event: 5.187 loading class org/gradle/ide/xcode/internal/xcodeproj/GidGenerator done


Dynamic libraries:
0x00007ff655360000 - 0x00007ff655391000 	C:\Program Files\Android\Android Studio\jre\bin\java.exe
0x00007ffa12210000 - 0x00007ffa12405000 	C:\WINDOWS\SYSTEM32\ntdll.dll
0x00007ffa10ca0000 - 0x00007ffa10d5d000 	C:\WINDOWS\System32\KERNEL32.DLL
0x00007ffa0fab0000 - 0x00007ffa0fd79000 	C:\WINDOWS\System32\KERNELBASE.dll
0x00007ffa11200000 - 0x00007ffa112ac000 	C:\WINDOWS\System32\ADVAPI32.dll
0x00007ffa10f10000 - 0x00007ffa10fae000 	C:\WINDOWS\System32\msvcrt.dll
0x00007ffa10fb0000 - 0x00007ffa1104c000 	C:\WINDOWS\System32\sechost.dll
0x00007ffa10270000 - 0x00007ffa1039b000 	C:\WINDOWS\System32\RPCRT4.dll
0x00007ffa11500000 - 0x00007ffa116a0000 	C:\WINDOWS\System32\USER32.dll
0x00007ffa0fef0000 - 0x00007ffa0ff12000 	C:\WINDOWS\System32\win32u.dll
0x00007ffa114d0000 - 0x00007ffa114fa000 	C:\WINDOWS\System32\GDI32.dll
0x00007ffa0ff20000 - 0x00007ffa1002b000 	C:\WINDOWS\System32\gdi32full.dll
0x00007ffa0fdd0000 - 0x00007ffa0fe6d000 	C:\WINDOWS\System32\msvcp_win.dll
0x00007ffa10170000 - 0x00007ffa10270000 	C:\WINDOWS\System32\ucrtbase.dll
0x00007ff9f2d30000 - 0x00007ff9f2fca000 	C:\WINDOWS\WinSxS\amd64_microsoft.windows.common-controls_6595b64144ccf1df_6.0.19041.844_none_ca00b6081b84eb1d\COMCTL32.dll
0x00007ffa104c0000 - 0x00007ffa104f0000 	C:\WINDOWS\System32\IMM32.DLL
0x0000000059ed0000 - 0x0000000059fa2000 	C:\Program Files\Android\Android Studio\jre\jre\bin\msvcr100.dll
0x0000000059fb0000 - 0x000000005a7fb000 	C:\Program Files\Android\Android Studio\jre\jre\bin\server\jvm.dll
0x00007ffa121c0000 - 0x00007ffa121c8000 	C:\WINDOWS\System32\PSAPI.DLL
0x00007ff9ecb50000 - 0x00007ff9ecb59000 	C:\WINDOWS\SYSTEM32\WSOCK32.dll
0x00007ffa11190000 - 0x00007ffa111fb000 	C:\WINDOWS\System32\WS2_32.dll
0x00007ff9f3180000 - 0x00007ff9f31a7000 	C:\WINDOWS\SYSTEM32\WINMM.dll
0x00007ffa05c00000 - 0x00007ffa05c0a000 	C:\WINDOWS\SYSTEM32\VERSION.dll
0x00007ff9f31f0000 - 0x00007ff9f31ff000 	C:\Program Files\Android\Android Studio\jre\jre\bin\verify.dll
0x00007ff9c7370000 - 0x00007ff9c7399000 	C:\Program Files\Android\Android Studio\jre\jre\bin\java.dll
0x00007ff9cd790000 - 0x00007ff9cd7a6000 	C:\Program Files\Android\Android Studio\jre\jre\bin\zip.dll
0x00007ffa104f0000 - 0x00007ffa10c32000 	C:\WINDOWS\System32\SHELL32.dll
0x00007ffa0da90000 - 0x00007ffa0e220000 	C:\WINDOWS\SYSTEM32\windows.storage.dll
0x00007ffa11b10000 - 0x00007ffa11e65000 	C:\WINDOWS\System32\combase.dll
0x00007ffa0f3c0000 - 0x00007ffa0f3ec000 	C:\WINDOWS\SYSTEM32\Wldp.dll
0x00007ffa12080000 - 0x00007ffa1212e000 	C:\WINDOWS\System32\SHCORE.dll
0x00007ffa10c40000 - 0x00007ffa10c95000 	C:\WINDOWS\System32\shlwapi.dll
0x00007ffa0f890000 - 0x00007ffa0f8af000 	C:\WINDOWS\SYSTEM32\profapi.dll
0x00007ff9c7110000 - 0x00007ff9c712a000 	C:\Program Files\Android\Android Studio\jre\jre\bin\net.dll
0x00007ffa0f140000 - 0x00007ffa0f1aa000 	C:\WINDOWS\system32\mswsock.dll
0x00007ff9c6300000 - 0x00007ff9c6313000 	C:\Program Files\Android\Android Studio\jre\jre\bin\nio.dll
0x00007ffa07490000 - 0x00007ffa074b7000 	C:\Users\HP\.gradle\native\f6784746aeab05261644944871eae4fe03e0ef1612fff0a4a95f87b438bc6780\windows-amd64\native-platform.dll
0x00007ff9f17a0000 - 0x00007ff9f17ad000 	C:\Program Files\Android\Android Studio\jre\jre\bin\management.dll
0x00007ffa0f320000 - 0x00007ffa0f338000 	C:\WINDOWS\SYSTEM32\CRYPTSP.dll
0x00007ffa0ea70000 - 0x00007ffa0eaa4000 	C:\WINDOWS\system32\rsaenh.dll
0x00007ffa10090000 - 0x00007ffa100b7000 	C:\WINDOWS\System32\bcrypt.dll
0x00007ffa0f850000 - 0x00007ffa0f87e000 	C:\WINDOWS\SYSTEM32\USERENV.dll
0x00007ffa0fe70000 - 0x00007ffa0fef0000 	C:\WINDOWS\System32\bcryptprimitives.dll
0x00007ffa0f310000 - 0x00007ffa0f31c000 	C:\WINDOWS\SYSTEM32\CRYPTBASE.dll
0x00007ffa0ede0000 - 0x00007ffa0ee1b000 	C:\WINDOWS\SYSTEM32\IPHLPAPI.DLL
0x00007ffa11400000 - 0x00007ffa11408000 	C:\WINDOWS\System32\NSI.dll
0x00007ffa039c0000 - 0x00007ffa039d7000 	C:\WINDOWS\SYSTEM32\dhcpcsvc6.DLL
0x00007ffa039a0000 - 0x00007ffa039bd000 	C:\WINDOWS\SYSTEM32\dhcpcsvc.DLL
0x00007ffa0ee30000 - 0x00007ffa0eefb000 	C:\WINDOWS\SYSTEM32\DNSAPI.dll
0x00007ffa03990000 - 0x00007ffa0399b000 	C:\WINDOWS\SYSTEM32\WINNSI.DLL

VM Arguments:
jvm_args: -Xmx2048m -Dfile.encoding=UTF-8 -Duser.country=SG -Duser.language=en -Duser.variant 
java_command: org.gradle.launcher.daemon.bootstrap.GradleDaemon 6.5
java_class_path (initial): C:\Users\HP\.gradle\wrapper\dists\gradle-6.5-bin\6nifqtx7604sqp1q6g8wikw7p\gradle-6.5\lib\gradle-launcher-6.5.jar
Launcher Type: SUN_STANDARD

Environment Variables:
JAVA_HOME=C:\Program Files\Java\jdk1.8.0_281
PATH=C:\Program Files (x86)\Common Files\Oracle\Java\javapath;C:\windows\system32;C:\windows;C:\windows\System32\Wbem;C:\windows\System32\WindowsPowerShell\v1.0\;C:\windows\System32\OpenSSH\;C:\Program Files (x86)\NVIDIA Corporation\PhysX\Common;C:\Program Files\Intel\WiFi\bin\;C:\Program Files\Common Files\Intel\WirelessCommon\;C:\Program Files\Microsoft SQL Server\Client SDK\ODBC\130\Tools\Binn\;C:\WINDOWS\system32;C:\WINDOWS;C:\WINDOWS\System32\Wbem;C:\WINDOWS\System32\WindowsPowerShell\v1.0\;C:\WINDOWS\System32\OpenSSH\;C:\Program Files\Microsoft SQL Server\Client SDK\ODBC\170\Tools\Binn\;C:\Program Files (x86)\Microsoft SQL Server\150\Tools\Binn\;C:\Program Files\Microsoft SQL Server\150\Tools\Binn\;C:\Program Files\Microsoft SQL Server\150\DTS\Binn\;C:\Program Files (x86)\Microsoft SQL Server\150\DTS\Binn\;C:\Program Files\dotnet\;C:\Program Files\Git\cmd;C:\Program Files\Java\apache-maven-3.6.0\bin;%JAVA_HOME%\bin;C:\Program Files\MySQL\MySQL Shell 8.0\bin\;C:\Users\HP\AppData\Local\Programs\Python\Python38-32\Scripts\;C:\Users\HP\AppData\Local\Programs\Python\Python38-32\;C:\Users\HP\AppData\Local\Microsoft\WindowsApps;C:\Users\HP\AppData\Local\Programs\Microsoft VS Code\bin;C:\Window\System32;C:\Users\HP\.dotnet\tools;C:\Program Files\MongoDB\Server\4.4\bin;C:\Program Files\Java\jdk1.8.0_281\bin;
USERNAME=HP
OS=Windows_NT
PROCESSOR_IDENTIFIER=Intel64 Family 6 Model 142 Stepping 11, GenuineIntel



---------------  S Y S T E M  ---------------

OS: Windows 10.0 , 64 bit Build 19041 (10.0.19041.804)

CPU:total 8 (initial active 8) (4 cores per cpu, 2 threads per core) family 6 model 142 stepping 11, cmov, cx8, fxsr, mmx, sse, sse2, sse3, ssse3, sse4.1, sse4.2, popcnt, avx, avx2, aes, clmul, erms, 3dnowpref, lzcnt, ht, tsc, tscinvbit, bmi1, bmi2, adx

Memory: 4k page, physical 8273204k(509780k free), swap 16661812k(4140k free)

vm_info: OpenJDK 64-Bit Server VM (25.242-b01) for windows-amd64 JRE (1.8.0_242-release-1644-b01), built by "builder" with MS VC++ 10.0 (VS2010)

time: Fri Apr 16 09:15:12 2021
timezone: SE Asia Standard Time
elapsed time: 5 seconds (0d 0h 0m 5s)

